# JRE version: OpenJDK Runtime Environment Temurin-21.0.8+9 (21.0.8+9) (build 21.0.8+9-LTS)
# Java VM: OpenJDK 64-Bit Server VM Temurin-21.0.8+9 (21.0.8+9-LTS, mixed mode, sharing, tiered, compressed oops, compressed class ptrs, parallel gc, windows-amd64)
GC Precious Log:
 CardTable entry size: 512
 CPUs: 12 total, 12 available
 Memory: 16315M
 Large Page Support: Disabled
 NUMA Support: Disabled
 Compressed Oops: Enabled (32-bit)
 Alignments: Space 512K, Generation 512K, Heap 2M
 Heap Min Capacity: 100M
 Heap Initial Capacity: 100M
 Heap Max Capacity: 2G
 Pre-touch: Disabled
 Parallel Workers: 10
Heap:
 PSYoungGen      total 7168K, used 640K [0x00000000d5580000, 0x00000000d5e00000, 0x0000000100000000)
  eden space 6144K, 0% used [0x00000000d5580000,0x00000000d5580000,0x00000000d5b80000)
  from space 1024K, 62% used [0x00000000d5d00000,0x00000000d5da0000,0x00000000d5e00000)
  to   space 1024K, 0% used [0x00000000d5c00000,0x00000000d5c00000,0x00000000d5d00000)
 ParOldGen       total 1156096K, used 1155704K [0x0000000080000000, 0x00000000c6900000, 0x00000000d5580000)
  object space 1156096K, 99% used [0x0000000080000000,0x00000000c689e3e8,0x00000000c6900000)
 Metaspace       used 77086K, committed 78784K, reserved 1179648K
  class space    used 8049K, committed 8768K, reserved 1048576K
GC Heap History (20 events):
Event: 24536.936 GC heap after
{Heap after GC invocations=1204 (full 3):
 PSYoungGen      total 7168K, used 192K [0x00000000d5580000, 0x00000000d5d80000, 0x0000000100000000)
  eden space 6144K, 0% used [0x00000000d5580000,0x00000000d5580000,0x00000000d5b80000)
  from space 1024K, 18% used [0x00000000d5c00000,0x00000000d5c30000,0x00000000d5d00000)
  to   space 512K, 0% used [0x00000000d5d00000,0x00000000d5d00000,0x00000000d5d80000)
 ParOldGen       total 1151488K, used 1151347K [0x0000000080000000, 0x00000000c6480000, 0x00000000d5580000)
  object space 1151488K, 99% used [0x0000000080000000,0x00000000c645cf48,0x00000000c6480000)
 Metaspace       used 76775K, committed 78464K, reserved 1179648K
  class space    used 8026K, committed 8768K, reserved 1048576K
}
Event: 24537.064 GC heap before
{Heap before GC invocations=1205 (full 3):
 PSYoungGen      total 7168K, used 6336K [0x00000000d5580000, 0x00000000d5d80000, 0x0000000100000000)
  eden space 6144K, 100% used [0x00000000d5580000,0x00000000d5b80000,0x00000000d5b80000)
  from space 1024K, 18% used [0x00000000d5c00000,0x00000000d5c30000,0x00000000d5d00000)
  to   space 512K, 0% used [0x00000000d5d00000,0x00000000d5d00000,0x00000000d5d80000)
 ParOldGen       total 1151488K, used 1151347K [0x0000000080000000, 0x00000000c6480000, 0x00000000d5580000)
  object space 1151488K, 99% used [0x0000000080000000,0x00000000c645cf48,0x00000000c6480000)
 Metaspace       used 76776K, committed 78464K, reserved 1179648K
  class space    used 8026K, committed 8768K, reserved 1048576K
}
Event: 24537.066 GC heap after
{Heap after GC invocations=1205 (full 3):
 PSYoungGen      total 6656K, used 288K [0x00000000d5580000, 0x00000000d5d80000, 0x0000000100000000)
  eden space 6144K, 0% used [0x00000000d5580000,0x00000000d5580000,0x00000000d5b80000)
  from space 512K, 56% used [0x00000000d5d00000,0x00000000d5d48000,0x00000000d5d80000)
  to   space 512K, 0% used [0x00000000d5c80000,0x00000000d5c80000,0x00000000d5d00000)
 ParOldGen       total 1151488K, used 1151403K [0x0000000080000000, 0x00000000c6480000, 0x00000000d5580000)
  object space 1151488K, 99% used [0x0000000080000000,0x00000000c646af48,0x00000000c6480000)
 Metaspace       used 76776K, committed 78464K, reserved 1179648K
  class space    used 8026K, committed 8768K, reserved 1048576K
}
Event: 24537.096 GC heap before
{Heap before GC invocations=1206 (full 3):
 PSYoungGen      total 6656K, used 6432K [0x00000000d5580000, 0x00000000d5d80000, 0x0000000100000000)
  eden space 6144K, 100% used [0x00000000d5580000,0x00000000d5b80000,0x00000000d5b80000)
  from space 512K, 56% used [0x00000000d5d00000,0x00000000d5d48000,0x00000000d5d80000)
  to   space 512K, 0% used [0x00000000d5c80000,0x00000000d5c80000,0x00000000d5d00000)
 ParOldGen       total 1151488K, used 1151403K [0x0000000080000000, 0x00000000c6480000, 0x00000000d5580000)
  object space 1151488K, 99% used [0x0000000080000000,0x00000000c646af48,0x00000000c6480000)
 Metaspace       used 76784K, committed 78464K, reserved 1179648K
  class space    used 8026K, committed 8768K, reserved 1048576K
}
Event: 24537.099 GC heap after
{Heap after GC invocations=1206 (full 3):
 PSYoungGen      total 6656K, used 352K [0x00000000d5580000, 0x00000000d5d80000, 0x0000000100000000)
  eden space 6144K, 0% used [0x00000000d5580000,0x00000000d5580000,0x00000000d5b80000)
  from space 512K, 68% used [0x00000000d5c80000,0x00000000d5cd8000,0x00000000d5d00000)
  to   space 512K, 0% used [0x00000000d5d00000,0x00000000d5d00000,0x00000000d5d80000)
 ParOldGen       total 1152000K, used 1151523K [0x0000000080000000, 0x00000000c6500000, 0x00000000d5580000)
  object space 1152000K, 99% used [0x0000000080000000,0x00000000c6488f48,0x00000000c6500000)
 Metaspace       used 76784K, committed 78464K, reserved 1179648K
  class space    used 8026K, committed 8768K, reserved 1048576K
}
Event: 24537.111 GC heap before
{Heap before GC invocations=1207 (full 3):
 PSYoungGen      total 6656K, used 6496K [0x00000000d5580000, 0x00000000d5d80000, 0x0000000100000000)
  eden space 6144K, 100% used [0x00000000d5580000,0x00000000d5b80000,0x00000000d5b80000)
  from space 512K, 68% used [0x00000000d5c80000,0x00000000d5cd8000,0x00000000d5d00000)
  to   space 512K, 0% used [0x00000000d5d00000,0x00000000d5d00000,0x00000000d5d80000)
 ParOldGen       total 1152000K, used 1151523K [0x0000000080000000, 0x00000000c6500000, 0x00000000d5580000)
  object space 1152000K, 99% used [0x0000000080000000,0x00000000c6488f48,0x00000000c6500000)
 Metaspace       used 76788K, committed 78464K, reserved 1179648K
  class space    used 8026K, committed 8768K, reserved 1048576K
}
Event: 24537.113 GC heap after
{Heap after GC invocations=1207 (full 3):
 PSYoungGen      total 6656K, used 512K [0x00000000d5580000, 0x00000000d5e80000, 0x0000000100000000)
  eden space 6144K, 0% used [0x00000000d5580000,0x00000000d5580000,0x00000000d5b80000)
  from space 512K, 100% used [0x00000000d5d00000,0x00000000d5d80000,0x00000000d5d80000)
  to   space 1536K, 0% used [0x00000000d5b80000,0x00000000d5b80000,0x00000000d5d00000)
 ParOldGen       total 1152512K, used 1152131K [0x0000000080000000, 0x00000000c6580000, 0x00000000d5580000)
  object space 1152512K, 99% used [0x0000000080000000,0x00000000c6520f48,0x00000000c6580000)
 Metaspace       used 76788K, committed 78464K, reserved 1179648K
  class space    used 8026K, committed 8768K, reserved 1048576K
}
Event: 24537.158 GC heap before
{Heap before GC invocations=1208 (full 3):
 PSYoungGen      total 6656K, used 6656K [0x00000000d5580000, 0x00000000d5e80000, 0x0000000100000000)
  eden space 6144K, 100% used [0x00000000d5580000,0x00000000d5b80000,0x00000000d5b80000)
  from space 512K, 100% used [0x00000000d5d00000,0x00000000d5d80000,0x00000000d5d80000)
  to   space 1536K, 0% used [0x00000000d5b80000,0x00000000d5b80000,0x00000000d5d00000)
 ParOldGen       total 1152512K, used 1152131K [0x0000000080000000, 0x00000000c6580000, 0x00000000d5580000)
  object space 1152512K, 99% used [0x0000000080000000,0x00000000c6520f48,0x00000000c6580000)
 Metaspace       used 77062K, committed 78720K, reserved 1179648K
  class space    used 8049K, committed 8768K, reserved 1048576K
}
Event: 24537.159 GC heap after
{Heap after GC invocations=1208 (full 3):
 PSYoungGen      total 6656K, used 453K [0x00000000d5580000, 0x00000000d5d80000, 0x0000000100000000)
  eden space 6144K, 0% used [0x00000000d5580000,0x00000000d5580000,0x00000000d5b80000)
  from space 512K, 88% used [0x00000000d5b80000,0x00000000d5bf1420,0x00000000d5c00000)
  to   space 1024K, 0% used [0x00000000d5c80000,0x00000000d5c80000,0x00000000d5d80000)
 ParOldGen       total 1152512K, used 1152431K [0x0000000080000000, 0x00000000c6580000, 0x00000000d5580000)
  object space 1152512K, 99% used [0x0000000080000000,0x00000000c656bf58,0x00000000c6580000)
 Metaspace       used 77062K, committed 78720K, reserved 1179648K
  class space    used 8049K, committed 8768K, reserved 1048576K
}
Event: 24719.450 GC heap before
{Heap before GC invocations=1209 (full 3):
 PSYoungGen      total 6656K, used 6597K [0x00000000d5580000, 0x00000000d5d80000, 0x0000000100000000)
  eden space 6144K, 100% used [0x00000000d5580000,0x00000000d5b80000,0x00000000d5b80000)
  from space 512K, 88% used [0x00000000d5b80000,0x00000000d5bf1420,0x00000000d5c00000)
  to   space 1024K, 0% used [0x00000000d5c80000,0x00000000d5c80000,0x00000000d5d80000)
 ParOldGen       total 1152512K, used 1152431K [0x0000000080000000, 0x00000000c6580000, 0x00000000d5580000)
  object space 1152512K, 99% used [0x0000000080000000,0x00000000c656bf58,0x00000000c6580000)
 Metaspace       used 77080K, committed 78720K, reserved 1179648K
  class space    used 8049K, committed 8768K, reserved 1048576K
}
Event: 24719.453 GC heap after
{Heap after GC invocations=1209 (full 3):
 PSYoungGen      total 6656K, used 352K [0x00000000d5580000, 0x00000000d5d00000, 0x0000000100000000)
  eden space 6144K, 0% used [0x00000000d5580000,0x00000000d5580000,0x00000000d5b80000)
  from space 512K, 68% used [0x00000000d5c80000,0x00000000d5cd8000,0x00000000d5d00000)
  to   space 512K, 0% used [0x00000000d5b80000,0x00000000d5b80000,0x00000000d5c00000)
 ParOldGen       total 1153024K, used 1152740K [0x0000000080000000, 0x00000000c6600000, 0x00000000d5580000)
  object space 1153024K, 99% used [0x0000000080000000,0x00000000c65b9378,0x00000000c6600000)
 Metaspace       used 77080K, committed 78720K, reserved 1179648K
  class space    used 8049K, committed 8768K, reserved 1048576K
}
Event: 24719.477 GC heap before
{Heap before GC invocations=1210 (full 3):
 PSYoungGen      total 6656K, used 6496K [0x00000000d5580000, 0x00000000d5d00000, 0x0000000100000000)
  eden space 6144K, 100% used [0x00000000d5580000,0x00000000d5b80000,0x00000000d5b80000)
  from space 512K, 68% used [0x00000000d5c80000,0x00000000d5cd8000,0x00000000d5d00000)
  to   space 512K, 0% used [0x00000000d5b80000,0x00000000d5b80000,0x00000000d5c00000)
 ParOldGen       total 1153024K, used 1152740K [0x0000000080000000, 0x00000000c6600000, 0x00000000d5580000)
  object space 1153024K, 99% used [0x0000000080000000,0x00000000c65b9378,0x00000000c6600000)
 Metaspace       used 77084K, committed 78720K, reserved 1179648K
  class space    used 8049K, committed 8768K, reserved 1048576K
}
Event: 24719.479 GC heap after
{Heap after GC invocations=1210 (full 3):
 PSYoungGen      total 6656K, used 512K [0x00000000d5580000, 0x00000000d5f80000, 0x0000000100000000)
  eden space 6144K, 0% used [0x00000000d5580000,0x00000000d5580000,0x00000000d5b80000)
  from space 512K, 100% used [0x00000000d5b80000,0x00000000d5c00000,0x00000000d5c00000)
  to   space 2048K, 0% used [0x00000000d5d80000,0x00000000d5d80000,0x00000000d5f80000)
 ParOldGen       total 1154048K, used 1153708K [0x0000000080000000, 0x00000000c6700000, 0x00000000d5580000)
  object space 1154048K, 99% used [0x0000000080000000,0x00000000c66ab398,0x00000000c6700000)
 Metaspace       used 77084K, committed 78720K, reserved 1179648K
  class space    used 8049K, committed 8768K, reserved 1048576K
}
Event: 24719.500 GC heap before
{Heap before GC invocations=1211 (full 3):
 PSYoungGen      total 6656K, used 6656K [0x00000000d5580000, 0x00000000d5f80000, 0x0000000100000000)
  eden space 6144K, 100% used [0x00000000d5580000,0x00000000d5b80000,0x00000000d5b80000)
  from space 512K, 100% used [0x00000000d5b80000,0x00000000d5c00000,0x00000000d5c00000)
  to   space 2048K, 0% used [0x00000000d5d80000,0x00000000d5d80000,0x00000000d5f80000)
 ParOldGen       total 1154048K, used 1153708K [0x0000000080000000, 0x00000000c6700000, 0x00000000d5580000)
  object space 1154048K, 99% used [0x0000000080000000,0x00000000c66ab398,0x00000000c6700000)
 Metaspace       used 77086K, committed 78784K, reserved 1179648K
  class space    used 8049K, committed 8768K, reserved 1048576K
}
Event: 24719.502 GC heap after
{Heap after GC invocations=1211 (full 3):
 PSYoungGen      total 7168K, used 960K [0x00000000d5580000, 0x00000000d5e80000, 0x0000000100000000)
  eden space 6144K, 0% used [0x00000000d5580000,0x00000000d5580000,0x00000000d5b80000)
  from space 1024K, 93% used [0x00000000d5d80000,0x00000000d5e70000,0x00000000d5e80000)
  to   space 1536K, 0% used [0x00000000d5b80000,0x00000000d5b80000,0x00000000d5d00000)
 ParOldGen       total 1154560K, used 1154208K [0x0000000080000000, 0x00000000c6780000, 0x00000000d5580000)
  object space 1154560K, 99% used [0x0000000080000000,0x00000000c67283c8,0x00000000c6780000)
 Metaspace       used 77086K, committed 78784K, reserved 1179648K
  class space    used 8049K, committed 8768K, reserved 1048576K
}
Event: 24719.523 GC heap before
{Heap before GC invocations=1212 (full 3):
 PSYoungGen      total 7168K, used 7104K [0x00000000d5580000, 0x00000000d5e80000, 0x0000000100000000)
  eden space 6144K, 100% used [0x00000000d5580000,0x00000000d5b80000,0x00000000d5b80000)
  from space 1024K, 93% used [0x00000000d5d80000,0x00000000d5e70000,0x00000000d5e80000)
  to   space 1536K, 0% used [0x00000000d5b80000,0x00000000d5b80000,0x00000000d5d00000)
 ParOldGen       total 1154560K, used 1154208K [0x0000000080000000, 0x00000000c6780000, 0x00000000d5580000)
  object space 1154560K, 99% used [0x0000000080000000,0x00000000c67283c8,0x00000000c6780000)
 Metaspace       used 77086K, committed 78784K, reserved 1179648K
  class space    used 8049K, committed 8768K, reserved 1048576K
}
Event: 24719.525 GC heap after
{Heap after GC invocations=1212 (full 3):
 PSYoungGen      total 7680K, used 1312K [0x00000000d5580000, 0x00000000d5e80000, 0x0000000100000000)
  eden space 6144K, 0% used [0x00000000d5580000,0x00000000d5580000,0x00000000d5b80000)
  from space 1536K, 85% used [0x00000000d5b80000,0x00000000d5cc8000,0x00000000d5d00000)
  to   space 1536K, 0% used [0x00000000d5d00000,0x00000000d5d00000,0x00000000d5e80000)
 ParOldGen       total 1155072K, used 1154952K [0x0000000080000000, 0x00000000c6800000, 0x00000000d5580000)
  object space 1155072K, 99% used [0x0000000080000000,0x00000000c67e23c8,0x00000000c6800000)
 Metaspace       used 77086K, committed 78784K, reserved 1179648K
  class space    used 8049K, committed 8768K, reserved 1048576K
}
Event: 24719.545 GC heap before
{Heap before GC invocations=1213 (full 3):
 PSYoungGen      total 7680K, used 6910K [0x00000000d5580000, 0x00000000d5e80000, 0x0000000100000000)
  eden space 6144K, 91% used [0x00000000d5580000,0x00000000d5af78d8,0x00000000d5b80000)
  from space 1536K, 85% used [0x00000000d5b80000,0x00000000d5cc8000,0x00000000d5d00000)
  to   space 1536K, 0% used [0x00000000d5d00000,0x00000000d5d00000,0x00000000d5e80000)
 ParOldGen       total 1155072K, used 1154952K [0x0000000080000000, 0x00000000c6800000, 0x00000000d5580000)
  object space 1155072K, 99% used [0x0000000080000000,0x00000000c67e23c8,0x00000000c6800000)
 Metaspace       used 77086K, committed 78784K, reserved 1179648K
  class space    used 8049K, committed 8768K, reserved 1048576K
}
Event: 24719.546 GC heap after
{Heap after GC invocations=1213 (full 3):
 PSYoungGen      total 7168K, used 640K [0x00000000d5580000, 0x00000000d5e00000, 0x0000000100000000)
  eden space 6144K, 0% used [0x00000000d5580000,0x00000000d5580000,0x00000000d5b80000)
  from space 1024K, 62% used [0x00000000d5d00000,0x00000000d5da0000,0x00000000d5e00000)
  to   space 1024K, 0% used [0x00000000d5c00000,0x00000000d5c00000,0x00000000d5d00000)
 ParOldGen       total 1156096K, used 1155704K [0x0000000080000000, 0x00000000c6900000, 0x00000000d5580000)
  object space 1156096K, 99% used [0x0000000080000000,0x00000000c689e3e8,0x00000000c6900000)
 Metaspace       used 77086K, committed 78784K, reserved 1179648K
  class space    used 8049K, committed 8768K, reserved 1048576K
}
Event: 24719.546 GC heap before
{Heap before GC invocations=1214 (full 4):
 PSYoungGen      total 7168K, used 640K [0x00000000d5580000, 0x00000000d5e00000, 0x0000000100000000)
  eden space 6144K, 0% used [0x00000000d5580000,0x00000000d5580000,0x00000000d5b80000)
  from space 1024K, 62% used [0x00000000d5d00000,0x00000000d5da0000,0x00000000d5e00000)
  to   space 1024K, 0% used [0x00000000d5c00000,0x00000000d5c00000,0x00000000d5d00000)
 ParOldGen       total 1156096K, used 1155704K [0x0000000080000000, 0x00000000c6900000, 0x00000000d5580000)
  object space 1156096K, 99% used [0x0000000080000000,0x00000000c689e3e8,0x00000000c6900000)
 Metaspace       used 77086K, committed 78784K, reserved 1179648K
  class space    used 8049K, committed 8768K, reserved 1048576K
}

